// 重构日志: 185bfc20
// 重构日志: f3881080
// 同步 ID: af4a0967 @ Fri Jun 19 13:11:10 UTC 2026
// 重构日志: 6c4906bb
// 重构日志: c3626789
// 重构日志: cb676bc5
// 重构日志: 432c405b
// 重构日志: 25e4c76d
// 重构日志: d4fbd74e
// 重构日志: a27711f5
// 同步 ID: d784acb9 @ Mon Jun 22 02:18:24 UTC 2026
// 重构日志: 1a9cfc64
// 重构日志: 0558bd88
// 重构日志: c20b94e9
// 重构日志: e1d08a9a
// 重构日志: ff5c52fd
// 同步 ID: 0284b0a3 @ Fri Jun 26 15:38:11 UTC 2026
// 同步 ID: 3c93a1d9 @ Sat Jun 27 15:11:17 UTC 2026
// 重构日志: efd8847f
// 同步 ID: d7a253ba @ Sun Jun 28 07:33:55 UTC 2026
// 同步 ID: bb52de3e @ Sun Jun 28 18:20:55 UTC 2026
// 同步 ID: b354b76b @ Mon Jun 29 05:55:50 UTC 2026
// 同步 ID: fe639942 @ Mon Jun 29 14:41:58 UTC 2026
// 重构日志: 3128fe4e
// 重构日志: cf900ceb
// 同步 ID: 517555f0 @ Tue Jun 30 06:34:52 UTC 2026
// 重构日志: c494b229
// 重构日志: 51aa0017
// 重构日志: e6c7aa95
// 同步 ID: f7783f81 @ Wed Jul  1 23:14:30 UTC 2026
// 重构日志: 554311a2
// 重构日志: 12a7377d
